<?xml version="1.0" encoding="UTF-8"?>
<!-- Generated by org.testng.reporters.JUnitXMLReporter -->
<testsuite hostname="SD" ignored="1" name="Default test" tests="1" failures="0" timestamp="23 Oct 2021 13:07:34 GMT" time="12.296" errors="0">
  <testcase name="getAddressTest" time="1.35" classname="com.qa.crud.testcases.AddressListTestcases"/>
  <testcase name="deleteAddressTest" time="0.0" classname="com.qa.crud.testcases.AddressListTestcases">
    <ignored/>
  </testcase> <!-- deleteAddressTest -->
</testsuite> <!-- Default test -->
