<?xml version="1.0" encoding="UTF-8"?>
<!-- Generated by org.testng.reporters.JUnitXMLReporter -->
<testsuite hostname="SD" ignored="1" name="Default test" tests="1" failures="0" timestamp="22 Nov 2021 04:56:10 GMT" time="10.594" errors="0">
  <testcase name="deleteAddressTest" time="1.353" classname="com.qa.crud.testcases.AddressListTestcases"/>
  <testcase name="getAddressTest" time="0.0" classname="com.qa.crud.testcases.AddressListTestcases">
    <ignored/>
  </testcase> <!-- getAddressTest -->
</testsuite> <!-- Default test -->
