<?xml version="1.0" encoding="UTF-8"?>
<testng-results skipped="0" failed="0" ignored="1" total="2" passed="1">
  <reporter-output>
  </reporter-output>
  <suite name="Default suite" duration-ms="10594" started-at="2021-11-22T04:56:00Z" finished-at="2021-11-22T04:56:10Z">
    <groups>
    </groups>
    <test name="Default test" duration-ms="10594" started-at="2021-11-22T04:56:00Z" finished-at="2021-11-22T04:56:10Z">
      <class name="com.qa.crud.testcases.AddressListTestcases">
        <test-method status="PASS" signature="init_Browser()[pri:0, instance:com.qa.crud.testcases.AddressListTestcases@2f686d1f]" name="init_Browser" is-config="true" duration-ms="7857" started-at="2021-11-22T04:56:00Z" finished-at="2021-11-22T04:56:08Z">
          <reporter-output>
          </reporter-output>
        </test-method> <!-- init_Browser -->
        <test-method status="PASS" signature="deleteAddressTest(java.lang.String)[pri:0, instance:com.qa.crud.testcases.AddressListTestcases@2f686d1f]" name="deleteAddressTest" duration-ms="1353" started-at="2021-11-22T04:56:08Z" data-provider="deleteTestData" finished-at="2021-11-22T04:56:09Z">
          <params>
            <param index="0">
              <value>
                <![CDATA[Alex]]>
              </value>
            </param>
          </params>
          <reporter-output>
          </reporter-output>
        </test-method> <!-- deleteAddressTest -->
        <test-method status="PASS" signature="tearDown()[pri:0, instance:com.qa.crud.testcases.AddressListTestcases@2f686d1f]" name="tearDown" is-config="true" duration-ms="861" started-at="2021-11-22T04:56:09Z" finished-at="2021-11-22T04:56:10Z">
          <reporter-output>
          </reporter-output>
        </test-method> <!-- tearDown -->
      </class> <!-- com.qa.crud.testcases.AddressListTestcases -->
    </test> <!-- Default test -->
  </suite> <!-- Default suite -->
</testng-results>
